<!DOCTYPE html PUBLIC "-//W3C//DTD XHTML 1.1//EN" "http://www.w3.org/TR/xhtml11/DTD/xhtml11.dtd">
<html xmlns="http://www.w3.org/1999/xhtml">
<head>
<meta http-equiv="content-type" content="text/html; charset=UTF-8"/>
<title>TestNG Report</title>
<style type="text/css">table {margin-bottom:10px;border-collapse:collapse;empty-cells:show}th,td {border:1px solid #009;padding:.25em .5em}th {vertical-align:bottom}td {vertical-align:top}table a {font-weight:bold}.stripe td {background-color: #E6EBF9}.num {text-align:right}.passedodd td {background-color: #3F3}.passedeven td {background-color: #0A0}.skippedodd td {background-color: #DDD}.skippedeven td {background-color: #CCC}.failedodd td,.attn {background-color: #F33}.failedeven td,.stripe .attn {background-color: #D00}.stacktrace {white-space:pre;font-family:monospace}.totop {font-size:85%;text-align:center;border-bottom:2px solid #000}.invisible {display:none}</style>
</head>
<body>
<table>
<tr><th>Test</th><th># Passed</th><th># Skipped</th><th># Retried</th><th># Failed</th><th>Time (ms)</th><th>Included Groups</th><th>Excluded Groups</th></tr>
<tr><th colspan="7">blazedemo automation test suite</th></tr>
<tr><td><a href="#t0">blazedemo Test Cases</a></td><td class="num">4</td><td class="num">0</td><td class="num">0</td><td class="num attn">4</td><td class="num">44,586</td><td></td><td></td></tr>
</table>
<table id='summary'><thead><tr><th>Class</th><th>Method</th><th>Start</th><th>Time (ms)</th></tr></thead><tbody><tr><th colspan="4">blazedemo automation test suite</th></tr></tbody><tbody id="t0"><tr><th colspan="4">blazedemo Test Cases &#8212; failed</th></tr><tr class="failedeven"><td rowspan="4">com.demo.qa.testcases.HomePageTest</td><td><a href="#m0">loginTest</a></td><td rowspan="1">1639936980171</td><td rowspan="1">2725</td></tr><tr class="failedeven"><td><a href="#m1">registerationTest</a></td><td rowspan="3">1639936954549</td><td rowspan="3">4334</td></tr><tr class="failedeven"><td><a href="#m2">registerationTest</a></td></tr><tr class="failedeven"><td><a href="#m3">registerationTest</a></td></tr><tr><th colspan="4">blazedemo Test Cases &#8212; passed</th></tr><tr class="passedeven"><td rowspan="2">com.demo.qa.testcases.FlightBookingTest</td><td><a href="#m4">flightBookingTest</a></td><td rowspan="2">1639936990258</td><td rowspan="2">2587</td></tr><tr class="passedeven"><td><a href="#m5">flightBookingTest</a></td></tr><tr class="passedodd"><td rowspan="2">com.demo.qa.testcases.HomePageTest</td><td><a href="#m6">registerationTest</a></td><td rowspan="1">1639936966633</td><td rowspan="1">3481</td></tr><tr class="passedodd"><td><a href="#m7">verifyHomePageTitleTest</a></td><td rowspan="1">1639936951577</td><td rowspan="1">12</td></tr></tbody>
</table>
<h2>blazedemo Test Cases</h2><h3 id="m0">com.demo.qa.testcases.HomePageTest#loginTest</h3><table class="result"><tr><th>Exception</th></tr><tr><td><div class="stacktrace">java.lang.AssertionError: did not expect to find [BlazeDemo] but found [Page Expired]
	at com.demo.qa.testcases.HomePageTest.loginTest(HomePageTest.java:64)
... Removed 31 stack frames</div></td></tr></table><p class="totop"><a href="#summary">back to summary</a></p>
<h3 id="m1">com.demo.qa.testcases.HomePageTest#registerationTest</h3><table class="result"><tr class="param"><th>Parameter #1</th><th>Parameter #2</th><th>Parameter #3</th><th>Parameter #4</th><th>Parameter #5</th></tr><tr class="param stripe"><td>prem</td><td>testcompany</td><td>test@test.com</td><td>password</td><td>password</td></tr><tr><th colspan="5">Exception</th></tr><tr><td colspan="5"><div class="stacktrace">java.lang.AssertionError: did not expect to find [BlazeDemo] but found [Page Expired]
	at com.demo.qa.testcases.HomePageTest.registerationTest(HomePageTest.java:54)
... Removed 31 stack frames</div></td></tr></table><p class="totop"><a href="#summary">back to summary</a></p>
<h3 id="m2">com.demo.qa.testcases.HomePageTest#registerationTest</h3><table class="result"><tr class="param"><th>Parameter #1</th><th>Parameter #2</th><th>Parameter #3</th><th>Parameter #4</th><th>Parameter #5</th></tr><tr class="param stripe"><td>test</td><td>testcompany</td><td>test123@test.com</td><td>Password@123</td><td>Password@123</td></tr><tr><th colspan="5">Exception</th></tr><tr><td colspan="5"><div class="stacktrace">org.openqa.selenium.NoSuchWindowException: no such window: target window already closed
from unknown error: web view not found
  (Session info: chrome=96.0.4664.110)
Build info: version: &apos;3.14.0&apos;, revision: &apos;aacccce0&apos;, time: &apos;2018-08-02T20:19:58.91Z&apos;
System info: host: &apos;WLA20FXJ&apos;, ip: &apos;192.168.1.7&apos;, os.name: &apos;Windows 10&apos;, os.arch: &apos;amd64&apos;, os.version: &apos;10.0&apos;, java.version: &apos;16.0.2&apos;
Driver info: org.openqa.selenium.chrome.ChromeDriver
Capabilities {acceptInsecureCerts: false, browserName: chrome, browserVersion: 96.0.4664.110, chrome: {chromedriverVersion: 96.0.4664.45 (76e4c1bb2ab46..., userDataDir: C:\Users\105189\AppData\Loc...}, goog:chromeOptions: {debuggerAddress: localhost:62003}, javascriptEnabled: true, networkConnectionEnabled: false, pageLoadStrategy: normal, platform: WINDOWS, platformName: WINDOWS, proxy: Proxy(), setWindowRect: true, strictFileInteractability: false, timeouts: {implicit: 0, pageLoad: 300000, script: 30000}, unhandledPromptBehavior: dismiss and notify, webauthn:extension:credBlob: true, webauthn:extension:largeBlob: true, webauthn:virtualAuthenticators: true}
Session ID: 3b87439ceaeda62f0f31e964d201e19b
	at org.openqa.selenium.remote.http.W3CHttpResponseCodec.createException(W3CHttpResponseCodec.java:187)
	at org.openqa.selenium.remote.http.W3CHttpResponseCodec.decode(W3CHttpResponseCodec.java:122)
	at org.openqa.selenium.remote.http.W3CHttpResponseCodec.decode(W3CHttpResponseCodec.java:49)
	at org.openqa.selenium.remote.HttpCommandExecutor.execute(HttpCommandExecutor.java:158)
	at org.openqa.selenium.remote.service.DriverCommandExecutor.execute(DriverCommandExecutor.java:83)
	at org.openqa.selenium.remote.RemoteWebDriver.execute(RemoteWebDriver.java:548)
	at org.openqa.selenium.remote.RemoteWebDriver.execute(RemoteWebDriver.java:605)
	at org.openqa.selenium.remote.RemoteWebDriver.getTitle(RemoteWebDriver.java:280)
	at com.demo.qa.pages.HomePage.verifyHomePageTitle(HomePage.java:43)
	at com.demo.qa.testcases.HomePageTest.registerationTest(HomePageTest.java:52)
... Removed 30 stack frames</div></td></tr></table><p class="totop"><a href="#summary">back to summary</a></p>
<h3 id="m3">com.demo.qa.testcases.HomePageTest#registerationTest</h3><table class="result"><tr class="param"><th>Parameter #1</th><th>Parameter #2</th><th>Parameter #3</th><th>Parameter #4</th><th>Parameter #5</th></tr><tr class="param stripe"><td>kumar</td><td>testcompany</td><td>test@test.com</td><td>password</td><td>password</td></tr><tr><th colspan="5">Exception</th></tr><tr><td colspan="5"><div class="stacktrace">java.lang.AssertionError: did not expect to find [BlazeDemo] but found [Page Expired]
	at com.demo.qa.testcases.HomePageTest.registerationTest(HomePageTest.java:54)
... Removed 31 stack frames</div></td></tr></table><p class="totop"><a href="#summary">back to summary</a></p>
<h3 id="m4">com.demo.qa.testcases.FlightBookingTest#flightBookingTest</h3><table class="result"><tr class="param"><th>Parameter #1</th><th>Parameter #2</th><th>Parameter #3</th><th>Parameter #4</th><th>Parameter #5</th><th>Parameter #6</th><th>Parameter #7</th><th>Parameter #8</th><th>Parameter #9</th><th>Parameter #10</th></tr><tr class="param stripe"><td>Jashwin</td><td>VijayNagar</td><td>Bengaluru</td><td>Karnataka</td><td>560078.0</td><td>Visa</td><td>4.11111111111111E15</td><td>1.0</td><td>2020.0</td><td>Jashwin P</td></tr></table><p class="totop"><a href="#summary">back to summary</a></p>
<h3 id="m5">com.demo.qa.testcases.FlightBookingTest#flightBookingTest</h3><table class="result"><tr class="param"><th>Parameter #1</th><th>Parameter #2</th><th>Parameter #3</th><th>Parameter #4</th><th>Parameter #5</th><th>Parameter #6</th><th>Parameter #7</th><th>Parameter #8</th><th>Parameter #9</th><th>Parameter #10</th></tr><tr class="param stripe"><td>Prem</td><td>JP Nagar</td><td>Bengaluru</td><td>Karnataka</td><td>560072.0</td><td>amex</td><td>4.11111111111111E15</td><td>11.0</td><td>2024.0</td><td>Prem Kumar D</td></tr></table><p class="totop"><a href="#summary">back to summary</a></p>
<h3 id="m6">com.demo.qa.testcases.HomePageTest#registerationTest</h3><table class="result"><tr class="param"><th>Parameter #1</th><th>Parameter #2</th><th>Parameter #3</th><th>Parameter #4</th><th>Parameter #5</th></tr><tr class="param stripe"><td>test</td><td>testcompany</td><td>test1@test.com</td><td>passsword</td><td>password</td></tr></table><p class="totop"><a href="#summary">back to summary</a></p>
<h3 id="m7">com.demo.qa.testcases.HomePageTest#verifyHomePageTitleTest</h3><table class="result"><tr><th class="invisible"/></tr></table><p class="totop"><a href="#summary">back to summary</a></p>
</body>
</html>
