<!DOCTYPE html>

<html>
  <head>
  <meta charset='utf-8'>
  <title>TestNG reports</title>

    <link type="text/css" href="testng-reports.css" rel="stylesheet" />
    <script type="text/javascript" src="jquery-1.7.1.min.js"></script>
    <script type="text/javascript" src="testng-reports.js"></script>
    <script type="text/javascript" src="https://www.google.com/jsapi"></script>
    <script type='text/javascript'>
      google.load('visualization', '1', {packages:['table']});
      google.setOnLoadCallback(drawTable);
      var suiteTableInitFunctions = new Array();
      var suiteTableData = new Array();
    </script>
    <!--
      <script type="text/javascript" src="jquery-ui/js/jquery-ui-1.8.16.custom.min.js"></script>
     -->
  </head>

  <body>
    <div class="top-banner-root">
      <span class="top-banner-title-font">Test results</span>
      <br/>
      <span class="top-banner-font-1">1 suite, 4 failed tests</span>
    </div> <!-- top-banner-root -->
    <div class="navigator-root">
      <div class="navigator-suite-header">
        <span>All suites</span>
        <a href="#" title="Collapse/expand all the suites" class="collapse-all-link">
          <img src="collapseall.gif" class="collapse-all-icon">
          </img> <!-- collapse-all-icon -->
        </a> <!-- collapse-all-link -->
      </div> <!-- navigator-suite-header -->
      <div class="suite">
        <div class="rounded-window">
          <div class="suite-header light-rounded-window-top">
            <a href="#" panel-name="suite-blazedemo_automation_test_suite" class="navigator-link">
              <span class="suite-name border-failed">blazedemo automation test suite</span>
            </a> <!-- navigator-link -->
          </div> <!-- suite-header light-rounded-window-top -->
          <div class="navigator-suite-content">
            <div class="suite-section-title">
              <span>Info</span>
            </div> <!-- suite-section-title -->
            <div class="suite-section-content">
              <ul>
                <li>
                  <a href="#" panel-name="test-xml-blazedemo_automation_test_suite" class="navigator-link ">
                    <span>D:\ProjectBackup\DemoPOM\src\main\resources\testng.xml</span>
                  </a> <!-- navigator-link  -->
                </li>
                <li>
                  <a href="#" panel-name="testlist-blazedemo_automation_test_suite" class="navigator-link ">
                    <span class="test-stats">1 test</span>
                  </a> <!-- navigator-link  -->
                </li>
                <li>
                  <a href="#" panel-name="group-blazedemo_automation_test_suite" class="navigator-link ">
                    <span>0 groups</span>
                  </a> <!-- navigator-link  -->
                </li>
                <li>
                  <a href="#" panel-name="times-blazedemo_automation_test_suite" class="navigator-link ">
                    <span>Times</span>
                  </a> <!-- navigator-link  -->
                </li>
                <li>
                  <a href="#" panel-name="reporter-blazedemo_automation_test_suite" class="navigator-link ">
                    <span>Reporter output</span>
                  </a> <!-- navigator-link  -->
                </li>
                <li>
                  <a href="#" panel-name="ignored-methods-blazedemo_automation_test_suite" class="navigator-link ">
                    <span>Ignored methods</span>
                  </a> <!-- navigator-link  -->
                </li>
                <li>
                  <a href="#" panel-name="chronological-blazedemo_automation_test_suite" class="navigator-link ">
                    <span>Chronological view</span>
                  </a> <!-- navigator-link  -->
                </li>
              </ul>
            </div> <!-- suite-section-content -->
            <div class="result-section">
              <div class="suite-section-title">
                <span>Results</span>
              </div> <!-- suite-section-title -->
              <div class="suite-section-content">
                <ul>
                  <li>
                    <span class="method-stats">8 methods, 4 failed,   4 passed</span>
                  </li>
                  <li>
                    <span class="method-list-title failed">Failed methods</span>
                    <span class="show-or-hide-methods failed">
                      <a href="#" panel-name="suite-blazedemo_automation_test_suite" class="hide-methods failed suite-blazedemo_automation_test_suite"> (hide)</a> <!-- hide-methods failed suite-blazedemo_automation_test_suite -->
                      <a href="#" panel-name="suite-blazedemo_automation_test_suite" class="show-methods failed suite-blazedemo_automation_test_suite"> (show)</a> <!-- show-methods failed suite-blazedemo_automation_test_suite -->
                    </span>
                    <div class="method-list-content failed suite-blazedemo_automation_test_suite">
                      <span>
                        <img src="failed.png" width="3%"/>
                        <a href="#" panel-name="suite-blazedemo_automation_test_suite" title="com.demo.qa.testcases.HomePageTest" class="method navigator-link" hash-for-method="loginTest">loginTest</a> <!-- method navigator-link -->
                      </span>
                      <br/>
                      <span>
                        <img src="failed.png" width="3%"/>
                        <a href="#" panel-name="suite-blazedemo_automation_test_suite" title="com.demo.qa.testcases.HomePageTest" class="method navigator-link" hash-for-method="registerationTest(prem, testcompany, test@test.com, password, password)">registerationTest(prem, testcompany, test@test.com, password, password)</a> <!-- method navigator-link -->
                      </span>
                      <br/>
                      <span>
                        <img src="failed.png" width="3%"/>
                        <a href="#" panel-name="suite-blazedemo_automation_test_suite" title="com.demo.qa.testcases.HomePageTest" class="method navigator-link" hash-for-method="registerationTest(test, testcompany, test123@test.com, Password@123, Password@123)">registerationTest(test, testcompany, test123@test.com, Password@123, Password@123)</a> <!-- method navigator-link -->
                      </span>
                      <br/>
                      <span>
                        <img src="failed.png" width="3%"/>
                        <a href="#" panel-name="suite-blazedemo_automation_test_suite" title="com.demo.qa.testcases.HomePageTest" class="method navigator-link" hash-for-method="registerationTest(kumar, testcompany, test@test.com, password, password)">registerationTest(kumar, testcompany, test@test.com, password, password)</a> <!-- method navigator-link -->
                      </span>
                      <br/>
                    </div> <!-- method-list-content failed suite-blazedemo_automation_test_suite -->
                  </li>
                  <li>
                    <span class="method-list-title passed">Passed methods</span>
                    <span class="show-or-hide-methods passed">
                      <a href="#" panel-name="suite-blazedemo_automation_test_suite" class="hide-methods passed suite-blazedemo_automation_test_suite"> (hide)</a> <!-- hide-methods passed suite-blazedemo_automation_test_suite -->
                      <a href="#" panel-name="suite-blazedemo_automation_test_suite" class="show-methods passed suite-blazedemo_automation_test_suite"> (show)</a> <!-- show-methods passed suite-blazedemo_automation_test_suite -->
                    </span>
                    <div class="method-list-content passed suite-blazedemo_automation_test_suite">
                      <span>
                        <img src="passed.png" width="3%"/>
                        <a href="#" panel-name="suite-blazedemo_automation_test_suite" title="com.demo.qa.testcases.FlightBookingTest" class="method navigator-link" hash-for-method="flightBookingTest(Jashwin, VijayNagar, Bengaluru, Karnataka, 560078.0, Visa, 4.11111111111111E15, 1.0, 2020.0, Jashwin...)">flightBookingTest(Jashwin, VijayNagar, Bengaluru, Karnataka, 560078.0, Visa, 4.11111111111111E15, 1.0, 2020.0, Jashwin...)</a> <!-- method navigator-link -->
                      </span>
                      <br/>
                      <span>
                        <img src="passed.png" width="3%"/>
                        <a href="#" panel-name="suite-blazedemo_automation_test_suite" title="com.demo.qa.testcases.FlightBookingTest" class="method navigator-link" hash-for-method="flightBookingTest(Prem, JP Nagar, Bengaluru, Karnataka, 560072.0, amex, 4.11111111111111E15, 11.0, 2024.0, Prem Kumar ...)">flightBookingTest(Prem, JP Nagar, Bengaluru, Karnataka, 560072.0, amex, 4.11111111111111E15, 11.0, 2024.0, Prem Kumar ...)</a> <!-- method navigator-link -->
                      </span>
                      <br/>
                      <span>
                        <img src="passed.png" width="3%"/>
                        <a href="#" panel-name="suite-blazedemo_automation_test_suite" title="com.demo.qa.testcases.HomePageTest" class="method navigator-link" hash-for-method="registerationTest(test, testcompany, test1@test.com, passsword, password)">registerationTest(test, testcompany, test1@test.com, passsword, password)</a> <!-- method navigator-link -->
                      </span>
                      <br/>
                      <span>
                        <img src="passed.png" width="3%"/>
                        <a href="#" panel-name="suite-blazedemo_automation_test_suite" title="com.demo.qa.testcases.HomePageTest" class="method navigator-link" hash-for-method="verifyHomePageTitleTest">verifyHomePageTitleTest</a> <!-- method navigator-link -->
                      </span>
                      <br/>
                    </div> <!-- method-list-content passed suite-blazedemo_automation_test_suite -->
                  </li>
                </ul>
              </div> <!-- suite-section-content -->
            </div> <!-- result-section -->
          </div> <!-- navigator-suite-content -->
        </div> <!-- rounded-window -->
      </div> <!-- suite -->
    </div> <!-- navigator-root -->
    <div class="wrapper">
      <div class="main-panel-root">
        <div panel-name="suite-blazedemo_automation_test_suite" class="panel blazedemo_automation_test_suite">
          <div class="suite-blazedemo_automation_test_suite-class-failed">
            <div class="main-panel-header rounded-window-top">
              <img src="failed.png"/>
              <span class="class-name">com.demo.qa.testcases.HomePageTest</span>
            </div> <!-- main-panel-header rounded-window-top -->
            <div class="main-panel-content rounded-window-bottom">
              <div class="method">
                <div class="method-content">
                  <a name="loginTest">
                  </a> <!-- loginTest -->
                  <span class="method-name">loginTest</span>
                  <div class="stack-trace">java.lang.AssertionError: did not expect to find [BlazeDemo] but found [Page Expired]
	at com.demo.qa.testcases.HomePageTest.loginTest(HomePageTest.java:64)
... Removed 31 stack frames
</div> <!-- stack-trace -->
                </div> <!-- method-content -->
              </div> <!-- method -->
              <div class="method">
                <div class="method-content">
                  <a name="registerationTest(prem, testcompany, test@test.com, password, password)">
                  </a> <!-- registerationTest(prem, testcompany, test@test.com, password, password) -->
                  <span class="method-name">registerationTest</span>
                  <span class="parameters">(prem, testcompany, test@test.com, password, password)</span>
                  <div class="stack-trace">java.lang.AssertionError: did not expect to find [BlazeDemo] but found [Page Expired]
	at com.demo.qa.testcases.HomePageTest.registerationTest(HomePageTest.java:54)
... Removed 31 stack frames
</div> <!-- stack-trace -->
                </div> <!-- method-content -->
              </div> <!-- method -->
              <div class="method">
                <div class="method-content">
                  <a name="registerationTest(test, testcompany, test123@test.com, Password@123, Password@123)">
                  </a> <!-- registerationTest(test, testcompany, test123@test.com, Password@123, Password@123) -->
                  <span class="method-name">registerationTest</span>
                  <span class="parameters">(test, testcompany, test123@test.com, Password@123, Password@123)</span>
                  <div class="stack-trace">org.openqa.selenium.NoSuchWindowException: no such window: target window already closed
from unknown error: web view not found
  (Session info: chrome=96.0.4664.110)
Build info: version: &apos;3.14.0&apos;, revision: &apos;aacccce0&apos;, time: &apos;2018-08-02T20:19:58.91Z&apos;
System info: host: &apos;WLA20FXJ&apos;, ip: &apos;192.168.1.7&apos;, os.name: &apos;Windows 10&apos;, os.arch: &apos;amd64&apos;, os.version: &apos;10.0&apos;, java.version: &apos;16.0.2&apos;
Driver info: org.openqa.selenium.chrome.ChromeDriver
Capabilities {acceptInsecureCerts: false, browserName: chrome, browserVersion: 96.0.4664.110, chrome: {chromedriverVersion: 96.0.4664.45 (76e4c1bb2ab46..., userDataDir: C:\Users\105189\AppData\Loc...}, goog:chromeOptions: {debuggerAddress: localhost:62003}, javascriptEnabled: true, networkConnectionEnabled: false, pageLoadStrategy: normal, platform: WINDOWS, platformName: WINDOWS, proxy: Proxy(), setWindowRect: true, strictFileInteractability: false, timeouts: {implicit: 0, pageLoad: 300000, script: 30000}, unhandledPromptBehavior: dismiss and notify, webauthn:extension:credBlob: true, webauthn:extension:largeBlob: true, webauthn:virtualAuthenticators: true}
Session ID: 3b87439ceaeda62f0f31e964d201e19b
	at org.openqa.selenium.remote.http.W3CHttpResponseCodec.createException(W3CHttpResponseCodec.java:187)
	at org.openqa.selenium.remote.http.W3CHttpResponseCodec.decode(W3CHttpResponseCodec.java:122)
	at org.openqa.selenium.remote.http.W3CHttpResponseCodec.decode(W3CHttpResponseCodec.java:49)
	at org.openqa.selenium.remote.HttpCommandExecutor.execute(HttpCommandExecutor.java:158)
	at org.openqa.selenium.remote.service.DriverCommandExecutor.execute(DriverCommandExecutor.java:83)
	at org.openqa.selenium.remote.RemoteWebDriver.execute(RemoteWebDriver.java:548)
	at org.openqa.selenium.remote.RemoteWebDriver.execute(RemoteWebDriver.java:605)
	at org.openqa.selenium.remote.RemoteWebDriver.getTitle(RemoteWebDriver.java:280)
	at com.demo.qa.pages.HomePage.verifyHomePageTitle(HomePage.java:43)
	at com.demo.qa.testcases.HomePageTest.registerationTest(HomePageTest.java:52)
... Removed 30 stack frames
</div> <!-- stack-trace -->
                </div> <!-- method-content -->
              </div> <!-- method -->
              <div class="method">
                <div class="method-content">
                  <a name="registerationTest(kumar, testcompany, test@test.com, password, password)">
                  </a> <!-- registerationTest(kumar, testcompany, test@test.com, password, password) -->
                  <span class="method-name">registerationTest</span>
                  <span class="parameters">(kumar, testcompany, test@test.com, password, password)</span>
                  <div class="stack-trace">java.lang.AssertionError: did not expect to find [BlazeDemo] but found [Page Expired]
	at com.demo.qa.testcases.HomePageTest.registerationTest(HomePageTest.java:54)
... Removed 31 stack frames
</div> <!-- stack-trace -->
                </div> <!-- method-content -->
              </div> <!-- method -->
            </div> <!-- main-panel-content rounded-window-bottom -->
          </div> <!-- suite-blazedemo_automation_test_suite-class-failed -->
          <div class="suite-blazedemo_automation_test_suite-class-passed">
            <div class="main-panel-header rounded-window-top">
              <img src="passed.png"/>
              <span class="class-name">com.demo.qa.testcases.HomePageTest</span>
            </div> <!-- main-panel-header rounded-window-top -->
            <div class="main-panel-content rounded-window-bottom">
              <div class="method">
                <div class="method-content">
                  <a name="registerationTest(test, testcompany, test1@test.com, passsword, password)">
                  </a> <!-- registerationTest(test, testcompany, test1@test.com, passsword, password) -->
                  <span class="method-name">registerationTest</span>
                  <span class="parameters">(test, testcompany, test1@test.com, passsword, password)</span>
                </div> <!-- method-content -->
              </div> <!-- method -->
              <div class="method">
                <div class="method-content">
                  <a name="verifyHomePageTitleTest">
                  </a> <!-- verifyHomePageTitleTest -->
                  <span class="method-name">verifyHomePageTitleTest</span>
                </div> <!-- method-content -->
              </div> <!-- method -->
            </div> <!-- main-panel-content rounded-window-bottom -->
          </div> <!-- suite-blazedemo_automation_test_suite-class-passed -->
          <div class="suite-blazedemo_automation_test_suite-class-passed">
            <div class="main-panel-header rounded-window-top">
              <img src="passed.png"/>
              <span class="class-name">com.demo.qa.testcases.FlightBookingTest</span>
            </div> <!-- main-panel-header rounded-window-top -->
            <div class="main-panel-content rounded-window-bottom">
              <div class="method">
                <div class="method-content">
                  <a name="flightBookingTest(Jashwin, VijayNagar, Bengaluru, Karnataka, 560078.0, Visa, 4.11111111111111E15, 1.0, 2020.0, Jashwin...)">
                  </a> <!-- flightBookingTest(Jashwin, VijayNagar, Bengaluru, Karnataka, 560078.0, Visa, 4.11111111111111E15, 1.0, 2020.0, Jashwin...) -->
                  <span class="method-name">flightBookingTest</span>
                  <span class="parameters">(Jashwin, VijayNagar, Bengaluru, Karnataka, 560078.0, Visa, 4.11111111111111E15, 1.0, 2020.0, Jashwin P)</span>
                </div> <!-- method-content -->
              </div> <!-- method -->
              <div class="method">
                <div class="method-content">
                  <a name="flightBookingTest(Prem, JP Nagar, Bengaluru, Karnataka, 560072.0, amex, 4.11111111111111E15, 11.0, 2024.0, Prem Kumar ...)">
                  </a> <!-- flightBookingTest(Prem, JP Nagar, Bengaluru, Karnataka, 560072.0, amex, 4.11111111111111E15, 11.0, 2024.0, Prem Kumar ...) -->
                  <span class="method-name">flightBookingTest</span>
                  <span class="parameters">(Prem, JP Nagar, Bengaluru, Karnataka, 560072.0, amex, 4.11111111111111E15, 11.0, 2024.0, Prem Kumar D)</span>
                </div> <!-- method-content -->
              </div> <!-- method -->
            </div> <!-- main-panel-content rounded-window-bottom -->
          </div> <!-- suite-blazedemo_automation_test_suite-class-passed -->
        </div> <!-- panel blazedemo_automation_test_suite -->
        <div panel-name="test-xml-blazedemo_automation_test_suite" class="panel">
          <div class="main-panel-header rounded-window-top">
            <span class="header-content">D:\ProjectBackup\DemoPOM\src\main\resources\testng.xml</span>
          </div> <!-- main-panel-header rounded-window-top -->
          <div class="main-panel-content rounded-window-bottom">
            <pre>
&lt;?xml version=&quot;1.0&quot; encoding=&quot;UTF-8&quot;?&gt;
&lt;!DOCTYPE suite SYSTEM &quot;http://testng.org/testng-1.0.dtd&quot;&gt;
&lt;suite name=&quot;blazedemo automation test suite&quot; guice-stage=&quot;DEVELOPMENT&quot;&gt;
  &lt;listeners&gt;
    &lt;listener class-name=&quot;com.demo.qa.ExtentReportListener.ExtentReporterNG&quot;/&gt;
  &lt;/listeners&gt;
  &lt;test thread-count=&quot;5&quot; name=&quot;blazedemo Test Cases&quot;&gt;
    &lt;classes&gt;
      &lt;class name=&quot;com.demo.qa.testcases.HomePageTest&quot;/&gt;
      &lt;class name=&quot;com.demo.qa.testcases.FlightBookingTest&quot;/&gt;
    &lt;/classes&gt;
  &lt;/test&gt; &lt;!-- blazedemo Test Cases --&gt;
&lt;/suite&gt; &lt;!-- blazedemo automation test suite --&gt;
            </pre>
          </div> <!-- main-panel-content rounded-window-bottom -->
        </div> <!-- panel -->
        <div panel-name="testlist-blazedemo_automation_test_suite" class="panel">
          <div class="main-panel-header rounded-window-top">
            <span class="header-content">Tests for blazedemo automation test suite</span>
          </div> <!-- main-panel-header rounded-window-top -->
          <div class="main-panel-content rounded-window-bottom">
            <ul>
              <li>
                <span class="test-name">blazedemo Test Cases (2 classes)</span>
              </li>
            </ul>
          </div> <!-- main-panel-content rounded-window-bottom -->
        </div> <!-- panel -->
        <div panel-name="group-blazedemo_automation_test_suite" class="panel">
          <div class="main-panel-header rounded-window-top">
            <span class="header-content">Groups for blazedemo automation test suite</span>
          </div> <!-- main-panel-header rounded-window-top -->
          <div class="main-panel-content rounded-window-bottom">
          </div> <!-- main-panel-content rounded-window-bottom -->
        </div> <!-- panel -->
        <div panel-name="times-blazedemo_automation_test_suite" class="panel">
          <div class="main-panel-header rounded-window-top">
            <span class="header-content">Times for blazedemo automation test suite</span>
          </div> <!-- main-panel-header rounded-window-top -->
          <div class="main-panel-content rounded-window-bottom">
            <div class="times-div">
              <script type="text/javascript">
suiteTableInitFunctions.push('tableData_blazedemo_automation_test_suite');
function tableData_blazedemo_automation_test_suite() {
var data = new google.visualization.DataTable();
data.addColumn('number', 'Number');
data.addColumn('string', 'Method');
data.addColumn('string', 'Class');
data.addColumn('number', 'Time (ms)');
data.addRows(8);
data.setCell(0, 0, 0)
data.setCell(0, 1, 'registerationTest')
data.setCell(0, 2, 'com.demo.qa.testcases.HomePageTest')
data.setCell(0, 3, 4553);
data.setCell(1, 0, 1)
data.setCell(1, 1, 'registerationTest')
data.setCell(1, 2, 'com.demo.qa.testcases.HomePageTest')
data.setCell(1, 3, 4334);
data.setCell(2, 0, 2)
data.setCell(2, 1, 'registerationTest')
data.setCell(2, 2, 'com.demo.qa.testcases.HomePageTest')
data.setCell(2, 3, 3481);
data.setCell(3, 0, 3)
data.setCell(3, 1, 'registerationTest')
data.setCell(3, 2, 'com.demo.qa.testcases.HomePageTest')
data.setCell(3, 3, 3055);
data.setCell(4, 0, 4)
data.setCell(4, 1, 'loginTest')
data.setCell(4, 2, 'com.demo.qa.testcases.HomePageTest')
data.setCell(4, 3, 2725);
data.setCell(5, 0, 5)
data.setCell(5, 1, 'flightBookingTest')
data.setCell(5, 2, 'com.demo.qa.testcases.FlightBookingTest')
data.setCell(5, 3, 2587);
data.setCell(6, 0, 6)
data.setCell(6, 1, 'flightBookingTest')
data.setCell(6, 2, 'com.demo.qa.testcases.FlightBookingTest')
data.setCell(6, 3, 2256);
data.setCell(7, 0, 7)
data.setCell(7, 1, 'verifyHomePageTitleTest')
data.setCell(7, 2, 'com.demo.qa.testcases.HomePageTest')
data.setCell(7, 3, 12);
window.suiteTableData['blazedemo_automation_test_suite']= { tableData: data, tableDiv: 'times-div-blazedemo_automation_test_suite'}
return data;
}
              </script>
              <span class="suite-total-time">Total running time: 23 seconds</span>
              <div id="times-div-blazedemo_automation_test_suite">
              </div> <!-- times-div-blazedemo_automation_test_suite -->
            </div> <!-- times-div -->
          </div> <!-- main-panel-content rounded-window-bottom -->
        </div> <!-- panel -->
        <div panel-name="reporter-blazedemo_automation_test_suite" class="panel">
          <div class="main-panel-header rounded-window-top">
            <span class="header-content">Reporter output for blazedemo automation test suite</span>
          </div> <!-- main-panel-header rounded-window-top -->
          <div class="main-panel-content rounded-window-bottom">
          </div> <!-- main-panel-content rounded-window-bottom -->
        </div> <!-- panel -->
        <div panel-name="ignored-methods-blazedemo_automation_test_suite" class="panel">
          <div class="main-panel-header rounded-window-top">
            <span class="header-content">0 ignored methods</span>
          </div> <!-- main-panel-header rounded-window-top -->
          <div class="main-panel-content rounded-window-bottom">
          </div> <!-- main-panel-content rounded-window-bottom -->
        </div> <!-- panel -->
        <div panel-name="chronological-blazedemo_automation_test_suite" class="panel">
          <div class="main-panel-header rounded-window-top">
            <span class="header-content">Methods in chronological order</span>
          </div> <!-- main-panel-header rounded-window-top -->
          <div class="main-panel-content rounded-window-bottom">
            <div class="chronological-class">
              <div class="chronological-class-name">com.demo.qa.testcases.HomePageTest</div> <!-- chronological-class-name -->
              <div class="configuration-method before">
                <span class="method-name">setUp</span>
                <span class="method-start">0 ms</span>
              </div> <!-- configuration-method before -->
              <div class="test-method">
                <span class="method-name">verifyHomePageTitleTest</span>
                <span class="method-start">3175 ms</span>
              </div> <!-- test-method -->
              <div class="configuration-method after">
                <span class="method-name">tearDown</span>
                <span class="method-start">3189 ms</span>
              </div> <!-- configuration-method after -->
              <div class="configuration-method before">
                <span class="method-name">setUp</span>
                <span class="method-start">3758 ms</span>
              </div> <!-- configuration-method before -->
              <div class="test-method">
                <img src="failed.png">
                </img>
                <span class="method-name">registerationTest(prem, testcompany, test@test.com, password, password)</span>
                <span class="method-start">6147 ms</span>
              </div> <!-- test-method -->
              <div class="configuration-method after">
                <span class="method-name">tearDown</span>
                <span class="method-start">10483 ms</span>
              </div> <!-- configuration-method after -->
              <div class="configuration-method before">
                <span class="method-name">setUp</span>
                <span class="method-start">10585 ms</span>
              </div> <!-- configuration-method before -->
              <div class="test-method">
                <img src="failed.png">
                </img>
                <span class="method-name">registerationTest(test, testcompany, test123@test.com, Password@123, Password@123)</span>
                <span class="method-start">12571 ms</span>
              </div> <!-- test-method -->
              <div class="configuration-method after">
                <span class="method-name">tearDown</span>
                <span class="method-start">15628 ms</span>
              </div> <!-- configuration-method after -->
              <div class="configuration-method before">
                <span class="method-name">setUp</span>
                <span class="method-start">15790 ms</span>
              </div> <!-- configuration-method before -->
              <div class="test-method">
                <span class="method-name">registerationTest(test, testcompany, test1@test.com, passsword, password)</span>
                <span class="method-start">18231 ms</span>
              </div> <!-- test-method -->
              <div class="configuration-method after">
                <span class="method-name">tearDown</span>
                <span class="method-start">21713 ms</span>
              </div> <!-- configuration-method after -->
              <div class="configuration-method before">
                <span class="method-name">setUp</span>
                <span class="method-start">21828 ms</span>
              </div> <!-- configuration-method before -->
              <div class="test-method">
                <img src="failed.png">
                </img>
                <span class="method-name">registerationTest(kumar, testcompany, test@test.com, password, password)</span>
                <span class="method-start">24769 ms</span>
              </div> <!-- test-method -->
              <div class="configuration-method after">
                <span class="method-name">tearDown</span>
                <span class="method-start">29324 ms</span>
              </div> <!-- configuration-method after -->
              <div class="configuration-method before">
                <span class="method-name">setUp</span>
                <span class="method-start">29460 ms</span>
              </div> <!-- configuration-method before -->
              <div class="test-method">
                <img src="failed.png">
                </img>
                <span class="method-name">loginTest</span>
                <span class="method-start">31769 ms</span>
              </div> <!-- test-method -->
              <div class="configuration-method after">
                <span class="method-name">tearDown</span>
                <span class="method-start">34495 ms</span>
              </div> <!-- configuration-method after -->
            </div> <!-- chronological-class -->
            <div class="chronological-class">
              <div class="chronological-class-name">com.demo.qa.testcases.FlightBookingTest</div> <!-- chronological-class-name -->
              <div class="configuration-method before">
                <span class="method-name">setUp</span>
                <span class="method-start">34686 ms</span>
              </div> <!-- configuration-method before -->
              <div class="test-method">
                <span class="method-name">flightBookingTest(Prem, JP Nagar, Bengaluru, Karnataka, 560072.0, amex, 4.11111111111111E15, 11.0, 2024.0, Prem Kumar ...)</span>
                <span class="method-start">37018 ms</span>
              </div> <!-- test-method -->
              <div class="configuration-method after">
                <span class="method-name">tearDown</span>
                <span class="method-start">39275 ms</span>
              </div> <!-- configuration-method after -->
              <div class="configuration-method before">
                <span class="method-name">setUp</span>
                <span class="method-start">39409 ms</span>
              </div> <!-- configuration-method before -->
              <div class="test-method">
                <span class="method-name">flightBookingTest(Jashwin, VijayNagar, Bengaluru, Karnataka, 560078.0, Visa, 4.11111111111111E15, 1.0, 2020.0, Jashwin...)</span>
                <span class="method-start">41856 ms</span>
              </div> <!-- test-method -->
              <div class="configuration-method after">
                <span class="method-name">tearDown</span>
                <span class="method-start">44444 ms</span>
              </div> <!-- configuration-method after -->
          </div> <!-- main-panel-content rounded-window-bottom -->
        </div> <!-- panel -->
      </div> <!-- main-panel-root -->
    </div> <!-- wrapper -->
  </body>
</html>
