<?xml version="1.0" encoding="UTF-8"?>
<!-- Generated by org.testng.reporters.JUnitXMLReporter -->
<testsuite ignored="0" hostname="WLA20FXJ" failures="4" tests="8" name="blazedemo Test Cases" time="44.586" errors="0" timestamp="2021-12-19T23:33:13 IST">
  <testcase classname="com.demo.qa.testcases.HomePageTest" name="verifyHomePageTitleTest" time="0.012"/>
  <testcase classname="com.demo.qa.testcases.HomePageTest" name="registerationTest" time="4.334">
    <failure type="java.lang.AssertionError" message="did not expect to find [BlazeDemo] but found [Page Expired]">
      <![CDATA[java.lang.AssertionError: did not expect to find [BlazeDemo] but found [Page Expired]
at com.demo.qa.testcases.HomePageTest.registerationTest(HomePageTest.java:54)
... Removed 31 stack frames]]>
    </failure>
  </testcase> <!-- registerationTest -->
  <testcase classname="com.demo.qa.testcases.HomePageTest" name="registerationTest" time="3.055">
    <failure type="org.openqa.selenium.NoSuchWindowException" message="no such window: target window already closed
from unknown error: web view not found
  (Session info: chrome=96.0.4664.110)
Build info: version: &amp;apos;3.14.0&amp;apos;, revision: &amp;apos;aacccce0&amp;apos;, time: &amp;apos;2018-08-02T20:19:58.91Z&amp;apos;
System info: host: &amp;apos;WLA20FXJ&amp;apos;, ip: &amp;apos;192.168.1.7&amp;apos;, os.name: &amp;apos;Windows 10&amp;apos;, os.arch: &amp;apos;amd64&amp;apos;, os.version: &amp;apos;10.0&amp;apos;, java.version: &amp;apos;16.0.2&amp;apos;
Driver info: org.openqa.selenium.chrome.ChromeDriver
Capabilities {acceptInsecureCerts: false, browserName: chrome, browserVersion: 96.0.4664.110, chrome: {chromedriverVersion: 96.0.4664.45 (76e4c1bb2ab46..., userDataDir: C:\Users\105189\AppData\Loc...}, goog:chromeOptions: {debuggerAddress: localhost:62003}, javascriptEnabled: true, networkConnectionEnabled: false, pageLoadStrategy: normal, platform: WINDOWS, platformName: WINDOWS, proxy: Proxy(), setWindowRect: true, strictFileInteractability: false, timeouts: {implicit: 0, pageLoad: 300000, script: 30000}, unhandledPromptBehavior: dismiss and notify, webauthn:extension:credBlob: true, webauthn:extension:largeBlob: true, webauthn:virtualAuthenticators: true}
Session ID: 3b87439ceaeda62f0f31e964d201e19b">
      <![CDATA[org.openqa.selenium.NoSuchWindowException: no such window: target window already closed
from unknown error: web view not found
  (Session info: chrome=96.0.4664.110)
Build info: version: '3.14.0', revision: 'aacccce0', time: '2018-08-02T20:19:58.91Z'
System info: host: 'WLA20FXJ', ip: '192.168.1.7', os.name: 'Windows 10', os.arch: 'amd64', os.version: '10.0', java.version: '16.0.2'
Driver info: org.openqa.selenium.chrome.ChromeDriver
Capabilities {acceptInsecureCerts: false, browserName: chrome, browserVersion: 96.0.4664.110, chrome: {chromedriverVersion: 96.0.4664.45 (76e4c1bb2ab46..., userDataDir: C:\Users\105189\AppData\Loc...}, goog:chromeOptions: {debuggerAddress: localhost:62003}, javascriptEnabled: true, networkConnectionEnabled: false, pageLoadStrategy: normal, platform: WINDOWS, platformName: WINDOWS, proxy: Proxy(), setWindowRect: true, strictFileInteractability: false, timeouts: {implicit: 0, pageLoad: 300000, script: 30000}, unhandledPromptBehavior: dismiss and notify, webauthn:extension:credBlob: true, webauthn:extension:largeBlob: true, webauthn:virtualAuthenticators: true}
Session ID: 3b87439ceaeda62f0f31e964d201e19b
at org.openqa.selenium.remote.http.W3CHttpResponseCodec.createException(W3CHttpResponseCodec.java:187)
at org.openqa.selenium.remote.http.W3CHttpResponseCodec.decode(W3CHttpResponseCodec.java:122)
at org.openqa.selenium.remote.http.W3CHttpResponseCodec.decode(W3CHttpResponseCodec.java:49)
at org.openqa.selenium.remote.HttpCommandExecutor.execute(HttpCommandExecutor.java:158)
at org.openqa.selenium.remote.service.DriverCommandExecutor.execute(DriverCommandExecutor.java:83)
at org.openqa.selenium.remote.RemoteWebDriver.execute(RemoteWebDriver.java:548)
at org.openqa.selenium.remote.RemoteWebDriver.execute(RemoteWebDriver.java:605)
at org.openqa.selenium.remote.RemoteWebDriver.getTitle(RemoteWebDriver.java:280)
at com.demo.qa.pages.HomePage.verifyHomePageTitle(HomePage.java:43)
at com.demo.qa.testcases.HomePageTest.registerationTest(HomePageTest.java:52)
... Removed 30 stack frames]]>
    </failure>
  </testcase> <!-- registerationTest -->
  <testcase classname="com.demo.qa.testcases.HomePageTest" name="registerationTest" time="3.481"/>
  <testcase classname="com.demo.qa.testcases.HomePageTest" name="registerationTest" time="4.553">
    <failure type="java.lang.AssertionError" message="did not expect to find [BlazeDemo] but found [Page Expired]">
      <![CDATA[java.lang.AssertionError: did not expect to find [BlazeDemo] but found [Page Expired]
at com.demo.qa.testcases.HomePageTest.registerationTest(HomePageTest.java:54)
... Removed 31 stack frames]]>
    </failure>
  </testcase> <!-- registerationTest -->
  <testcase classname="com.demo.qa.testcases.HomePageTest" name="loginTest" time="2.725">
    <failure type="java.lang.AssertionError" message="did not expect to find [BlazeDemo] but found [Page Expired]">
      <![CDATA[java.lang.AssertionError: did not expect to find [BlazeDemo] but found [Page Expired]
at com.demo.qa.testcases.HomePageTest.loginTest(HomePageTest.java:64)
... Removed 31 stack frames]]>
    </failure>
  </testcase> <!-- loginTest -->
  <testcase classname="com.demo.qa.testcases.FlightBookingTest" name="flightBookingTest" time="2.256"/>
  <testcase classname="com.demo.qa.testcases.FlightBookingTest" name="flightBookingTest" time="2.587"/>
</testsuite> <!-- blazedemo Test Cases -->
